<?xml version="1.0" encoding="UTF-8"?>
<!-- Generated by org.testng.reporters.JUnitReportReporter -->
<testsuite hostname="LAPTOP-L57HJ0DS" failures="0" tests="1" name="SiteTesting.RishiHerbalSite" time="17.971" errors="0" timestamp="2024-02-14T12:33:06 IST" skipped="0">
  <testcase classname="SiteTesting.RishiHerbalSite" name="test1" time="17.971"/>
  <system-out/>
</testsuite> <!-- SiteTesting.RishiHerbalSite -->
